0 info it worked if it ends with ok
1 verbose cli [ 'C:\\Program Files\\nodejs\\node.exe',
1 verbose cli   'C:\\Program Files\\nodejs\\node_modules\\npm\\bin\\npm-cli.js',
1 verbose cli   'start' ]
2 info using npm@3.10.10
3 info using node@v6.11.3
4 verbose run-script [ 'prestart', 'start', 'poststart' ]
5 info lifecycle gerry@0.0.0~prestart: gerry@0.0.0
6 silly lifecycle gerry@0.0.0~prestart: no script for prestart, continuing
7 info lifecycle gerry@0.0.0~start: gerry@0.0.0
8 verbose lifecycle gerry@0.0.0~start: unsafe-perm in lifecycle true
9 verbose lifecycle gerry@0.0.0~start: PATH: C:\Program Files\nodejs\node_modules\npm\bin\node-gyp-bin;C:\Users\Anushri Adhia\Documents\Fall 2017\GMProject\gerrymandering\node_modules\.bin;C:\Program Files\Haskell\bin;C:\Program Files\Haskell Platform\8.2.1\lib\extralibs\bin;C:\Program Files\Haskell Platform\8.2.1\bin;C:\ProgramData\Oracle\Java\javapath;C:\Program Files (x86)\Intel\iCLS Client\;C:\Program Files\Intel\iCLS Client\;C:\WINDOWS\system32;C:\WINDOWS;C:\WINDOWS\System32\Wbem;C:\WINDOWS\System32\WindowsPowerShell\v1.0\;C:\Program Files (x86)\Intel\Intel(R) Management Engine Components\DAL;C:\Program Files\Intel\Intel(R) Management Engine Components\DAL;C:\Program Files (x86)\Intel\Intel(R) Management Engine Components\IPT;C:\Program Files\Intel\Intel(R) Management Engine Components\IPT;C:\Program Files\PostgreSQL\9.6\bin;C:\Program Files\MATLAB\R2016a\runtime\win64;C:\Program Files\MATLAB\R2016a\bin;C:\Program Files (x86)\PharosSystems\Core;C:\Python27\;C:\Python27\Scripts;C:\Program Files\nodejs\;C:\Program Files\Git\cmd;C:\Program Files (x86)\sbt\bin;C:\Program Files\Haskell Platform\8.2.1\mingw\bin;C:\Users\Anushri Adhia\AppData\Local\Microsoft\WindowsApps;C:\Users\Anushri Adhia\AppData\Roaming\Dashlane\4.6.3.20239\bin\Firefox_Extension\{442718d9-475e-452a-b3e1-fb1ee16b8e9f}\components;C:\Program Files (x86)\Microsoft VS Code\bin;C:\Program Files (x86)\SSH Communications Security\SSH Secure Shell;C:\Users\Anushri Adhia\AppData\Roaming\npm;C:\Program Files\Java\jdk1.8.0_91\bin;
10 verbose lifecycle gerry@0.0.0~start: CWD: C:\Users\Anushri Adhia\Documents\Fall 2017\GMProject\gerrymandering
11 silly lifecycle gerry@0.0.0~start: Args: [ '/d /s /c', 'node ./bin/www' ]
12 silly lifecycle gerry@0.0.0~start: Returned: code: 1  signal: null
13 info lifecycle gerry@0.0.0~start: Failed to exec start script
14 verbose stack Error: gerry@0.0.0 start: `node ./bin/www`
14 verbose stack Exit status 1
14 verbose stack     at EventEmitter.<anonymous> (C:\Program Files\nodejs\node_modules\npm\lib\utils\lifecycle.js:255:16)
14 verbose stack     at emitTwo (events.js:106:13)
14 verbose stack     at EventEmitter.emit (events.js:191:7)
14 verbose stack     at ChildProcess.<anonymous> (C:\Program Files\nodejs\node_modules\npm\lib\utils\spawn.js:40:14)
14 verbose stack     at emitTwo (events.js:106:13)
14 verbose stack     at ChildProcess.emit (events.js:191:7)
14 verbose stack     at maybeClose (internal/child_process.js:920:16)
14 verbose stack     at Process.ChildProcess._handle.onexit (internal/child_process.js:230:5)
15 verbose pkgid gerry@0.0.0
16 verbose cwd C:\Users\Anushri Adhia\Documents\Fall 2017\GMProject\gerrymandering
17 error Windows_NT 10.0.15063
18 error argv "C:\\Program Files\\nodejs\\node.exe" "C:\\Program Files\\nodejs\\node_modules\\npm\\bin\\npm-cli.js" "start"
19 error node v6.11.3
20 error npm  v3.10.10
21 error code ELIFECYCLE
22 error gerry@0.0.0 start: `node ./bin/www`
22 error Exit status 1
23 error Failed at the gerry@0.0.0 start script 'node ./bin/www'.
23 error Make sure you have the latest version of node.js and npm installed.
23 error If you do, this is most likely a problem with the gerry package,
23 error not with npm itself.
23 error Tell the author that this fails on your system:
23 error     node ./bin/www
23 error You can get information on how to open an issue for this project with:
23 error     npm bugs gerry
23 error Or if that isn't available, you can get their info via:
23 error     npm owner ls gerry
23 error There is likely additional logging output above.
24 verbose exit [ 1, true ]
